app/build/intermediates/manifest_merge_blame_file/debug/processDebugMainManifest/manifest-merger-blame-debug-report.txt
1<?xml version="1.0" encoding="utf-8"?>
2<manifest xmlns:android="http://schemas.android.com/apk/res/android"
3    package="com.ethanr.intelligentsoundmanager"
4    android:versionCode="5"
5    android:versionName="1.1.5" >
6
7    <uses-sdk
8        android:minSdkVersion="26"
9        android:targetSdkVersion="36" />
10
11    <uses-permission android:name="android.permission.ACCESS_NOTIFICATION_POLICY" />
11-->src\main\AndroidManifest.xml:4:5-85
11-->src\main\AndroidManifest.xml:4:22-82
12    <uses-permission android:name="android.permission.RECEIVE_BOOT_COMPLETED" />
12-->src\main\AndroidManifest.xml:5:5-81
12-->src\main\AndroidManifest.xml:5:22-78
13    <uses-permission android:name="android.permission.READ_CONTACTS" />
13-->src\main\AndroidManifest.xml:6:5-72
13-->src\main\AndroidManifest.xml:6:22-69
14    <uses-permission android:name="android.permission.READ_PHONE_STATE" />
14-->src\main\AndroidManifest.xml:7:5-75
14-->src\main\AndroidManifest.xml:7:22-72
15    <uses-permission android:name="android.permission.READ_CALL_LOG" />
15-->src\main\AndroidManifest.xml:8:5-72
15-->src\main\AndroidManifest.xml:8:22-69
16    <uses-permission android:name="android.permission.SCHEDULE_EXACT_ALARM" />
16-->src\main\AndroidManifest.xml:9:5-79
16-->src\main\AndroidManifest.xml:9:22-76
17    <uses-permission android:name="android.permission.WRITE_SETTINGS" />
17-->src\main\AndroidManifest.xml:10:5-73
17-->src\main\AndroidManifest.xml:10:22-70
18    <uses-permission android:name="android.permission.FOREGROUND_SERVICE" />
18-->src\main\AndroidManifest.xml:11:5-77
18-->src\main\AndroidManifest.xml:11:22-74
19    <uses-permission android:name="android.permission.FOREGROUND_SERVICE_SPECIAL_USE" />
19-->src\main\AndroidManifest.xml:12:5-89
19-->src\main\AndroidManifest.xml:12:22-86
20    <uses-permission android:name="android.permission.POST_NOTIFICATIONS" />
20-->src\main\AndroidManifest.xml:13:5-77
20-->src\main\AndroidManifest.xml:13:22-74
21
22    <permission
22-->[androidx.core:core:1.13.0] AndroidManifest.xml:22:5-24:47
23        android:name="com.ethanr.intelligentsoundmanager.DYNAMIC_RECEIVER_NOT_EXPORTED_PERMISSION"
23-->[androidx.core:core:1.13.0] AndroidManifest.xml:23:9-81
24        android:protectionLevel="signature" />
24-->[androidx.core:core:1.13.0] AndroidManifest.xml:24:9-44
25
26    <uses-permission android:name="com.ethanr.intelligentsoundmanager.DYNAMIC_RECEIVER_NOT_EXPORTED_PERMISSION" />
26-->[androidx.core:core:1.13.0] AndroidManifest.xml:26:5-97
26-->[androidx.core:core:1.13.0] AndroidManifest.xml:26:22-94
27
28    <application
28-->src\main\AndroidManifest.xml:15:5-88:19
29        android:appComponentFactory="androidx.core.app.CoreComponentFactory"
29-->[androidx.core:core:1.13.0] AndroidManifest.xml:28:18-86
30        android:debuggable="true"
31        android:extractNativeLibs="false"
32        android:icon="@drawable/ic_sound_manager"
32-->src\main\AndroidManifest.xml:16:9-50
33        android:label="@string/app_name"
33-->src\main\AndroidManifest.xml:17:9-41
34        android:roundIcon="@drawable/ic_sound_manager"
34-->src\main\AndroidManifest.xml:18:9-55
35        android:supportsRtl="true"
35-->src\main\AndroidManifest.xml:19:9-35
36        android:testOnly="true"
37        android:theme="@style/AppTheme" >
37-->src\main\AndroidManifest.xml:20:9-40
38        <service
38-->src\main\AndroidManifest.xml:21:9-29:19
39            android:name="com.ethanr.intelligentsoundmanager.BrightnessControlService"
39-->src\main\AndroidManifest.xml:22:13-53
40            android:enabled="true"
40-->src\main\AndroidManifest.xml:23:13-35
41            android:exported="false"
41-->src\main\AndroidManifest.xml:24:13-37
42            android:foregroundServiceType="specialUse" >
42-->src\main\AndroidManifest.xml:25:13-55
43            <property
43-->src\main\AndroidManifest.xml:26:13-28:135
44                android:name="android.app.PROPERTY_SPECIAL_USE_FGS_SUBTYPE"
44-->src\main\AndroidManifest.xml:27:17-76
45                android:value="Monitors ambient light to cap automatic screen brightness when the user enables brightness control." />
45-->src\main\AndroidManifest.xml:28:17-132
46        </service>
47
48        <activity
48-->src\main\AndroidManifest.xml:31:9-33:40
49            android:name="com.ethanr.intelligentsoundmanager.DebugActivity"
49-->src\main\AndroidManifest.xml:32:13-42
50            android:exported="false" />
50-->src\main\AndroidManifest.xml:33:13-37
51        <activity
51-->src\main\AndroidManifest.xml:34:9-37:63
52            android:name="com.ethanr.intelligentsoundmanager.SettingsActivity"
52-->src\main\AndroidManifest.xml:35:13-45
53            android:exported="false"
53-->src\main\AndroidManifest.xml:36:13-37
54            android:label="@string/title_activity_settings" />
54-->src\main\AndroidManifest.xml:37:13-60
55        <activity
55-->src\main\AndroidManifest.xml:38:9-43:66
56            android:name="com.ethanr.intelligentsoundmanager.PopUpActivity"
56-->src\main\AndroidManifest.xml:39:13-42
57            android:excludeFromRecents="true"
57-->src\main\AndroidManifest.xml:40:13-46
58            android:exported="false"
58-->src\main\AndroidManifest.xml:41:13-37
59            android:noHistory="true"
59-->src\main\AndroidManifest.xml:42:13-37
60            android:theme="@style/Theme.AppCompat.Translucent" />
60-->src\main\AndroidManifest.xml:43:13-63
61
62        <receiver
62-->src\main\AndroidManifest.xml:45:9-56:20
63            android:name="com.ethanr.intelligentsoundmanager.SinglePeriodManagerWidget"
63-->src\main\AndroidManifest.xml:46:13-54
64            android:exported="false" >
64-->src\main\AndroidManifest.xml:47:13-37
65            <intent-filter>
65-->src\main\AndroidManifest.xml:48:13-51:29
66                <action android:name="android.appwidget.action.APPWIDGET_UPDATE" />
66-->src\main\AndroidManifest.xml:49:17-84
66-->src\main\AndroidManifest.xml:49:25-81
67                <action android:name="com.ethanr.intelligentsoundmanager.WIDGET_BACKGROUND_ACTION" />
67-->src\main\AndroidManifest.xml:50:17-102
67-->src\main\AndroidManifest.xml:50:25-99
68            </intent-filter>
69
70            <meta-data
70-->src\main\AndroidManifest.xml:53:13-55:77
71                android:name="android.appwidget.provider"
71-->src\main\AndroidManifest.xml:54:17-58
72                android:resource="@xml/single_period_manager_widget_info" />
72-->src\main\AndroidManifest.xml:55:17-74
73        </receiver>
74
75        <activity android:name="com.ethanr.intelligentsoundmanager.ConfigPeriodActivity" />
75-->src\main\AndroidManifest.xml:58:9-58
75-->src\main\AndroidManifest.xml:58:19-55
76        <activity
76-->src\main\AndroidManifest.xml:59:9-68:20
77            android:name="com.ethanr.intelligentsoundmanager.MainActivity"
77-->src\main\AndroidManifest.xml:60:13-41
78            android:exported="true"
78-->src\main\AndroidManifest.xml:61:13-36
79            android:theme="@style/AppTheme.NoActionBar" >
79-->src\main\AndroidManifest.xml:62:13-56
80            <intent-filter>
80-->src\main\AndroidManifest.xml:63:13-67:29
81                <action android:name="android.intent.action.MAIN" />
81-->src\main\AndroidManifest.xml:64:17-69
81-->src\main\AndroidManifest.xml:64:25-66
82
83                <category android:name="android.intent.category.LAUNCHER" />
83-->src\main\AndroidManifest.xml:66:17-77
83-->src\main\AndroidManifest.xml:66:27-74
84            </intent-filter>
85        </activity>
86
87        <receiver
87-->src\main\AndroidManifest.xml:70:9-83:20
88            android:name="com.ethanr.intelligentsoundmanager.PeriodManager"
88-->src\main\AndroidManifest.xml:71:13-42
89            android:directBootAware="true"
89-->src\main\AndroidManifest.xml:72:13-43
90            android:enabled="true"
90-->src\main\AndroidManifest.xml:73:13-35
91            android:exported="true" >
91-->src\main\AndroidManifest.xml:74:13-36
92            <intent-filter>
92-->src\main\AndroidManifest.xml:75:13-82:29
93                <action android:name="android.intent.action.BOOT_COMPLETED" />
93-->src\main\AndroidManifest.xml:76:17-79
93-->src\main\AndroidManifest.xml:76:25-76
94                <action android:name="android.intent.action.LOCKED_BOOT_COMPLETED" />
94-->src\main\AndroidManifest.xml:77:17-86
94-->src\main\AndroidManifest.xml:77:25-83
95                <action android:name="android.intent.action.REBOOT" />
95-->src\main\AndroidManifest.xml:78:17-71
95-->src\main\AndroidManifest.xml:78:25-68
96                <action android:name="android.intent.action.QUICKBOOT_POWERON" />
96-->src\main\AndroidManifest.xml:79:17-82
96-->src\main\AndroidManifest.xml:79:25-79
97                <action android:name="com.ethanr.intelligentsoundmanager.action.PERIOD_MANAGER" />
97-->src\main\AndroidManifest.xml:80:17-99
97-->src\main\AndroidManifest.xml:80:25-96
98                <action android:name="android.intent.action.PHONE_STATE" />
98-->src\main\AndroidManifest.xml:81:17-76
98-->src\main\AndroidManifest.xml:81:25-73
99            </intent-filter>
100        </receiver>
101
102        <meta-data
102-->src\main\AndroidManifest.xml:85:9-87:57
103            android:name="preloaded_fonts"
103-->src\main\AndroidManifest.xml:86:13-43
104            android:resource="@array/preloaded_fonts" />
104-->src\main\AndroidManifest.xml:87:13-54
105
106        <provider
106-->[androidx.emoji2:emoji2:1.3.0] AndroidManifest.xml:24:9-32:20
107            android:name="androidx.startup.InitializationProvider"
107-->[androidx.emoji2:emoji2:1.3.0] AndroidManifest.xml:25:13-67
108            android:authorities="com.ethanr.intelligentsoundmanager.androidx-startup"
108-->[androidx.emoji2:emoji2:1.3.0] AndroidManifest.xml:26:13-68
109            android:exported="false" >
109-->[androidx.emoji2:emoji2:1.3.0] AndroidManifest.xml:27:13-37
110            <meta-data
110-->[androidx.emoji2:emoji2:1.3.0] AndroidManifest.xml:29:13-31:52
111                android:name="androidx.emoji2.text.EmojiCompatInitializer"
111-->[androidx.emoji2:emoji2:1.3.0] AndroidManifest.xml:30:17-75
112                android:value="androidx.startup" />
112-->[androidx.emoji2:emoji2:1.3.0] AndroidManifest.xml:31:17-49
113            <meta-data
113-->[androidx.lifecycle:lifecycle-process:2.6.2] AndroidManifest.xml:29:13-31:52
114                android:name="androidx.lifecycle.ProcessLifecycleInitializer"
114-->[androidx.lifecycle:lifecycle-process:2.6.2] AndroidManifest.xml:30:17-78
115                android:value="androidx.startup" />
115-->[androidx.lifecycle:lifecycle-process:2.6.2] AndroidManifest.xml:31:17-49
116            <meta-data
116-->[androidx.profileinstaller:profileinstaller:1.4.0] AndroidManifest.xml:29:13-31:52
117                android:name="androidx.profileinstaller.ProfileInstallerInitializer"
117-->[androidx.profileinstaller:profileinstaller:1.4.0] AndroidManifest.xml:30:17-85
118                android:value="androidx.startup" />
118-->[androidx.profileinstaller:profileinstaller:1.4.0] AndroidManifest.xml:31:17-49
119        </provider>
120
121        <uses-library
121-->[androidx.window:window:1.0.0] AndroidManifest.xml:25:9-27:40
122            android:name="androidx.window.extensions"
122-->[androidx.window:window:1.0.0] AndroidManifest.xml:26:13-54
123            android:required="false" />
123-->[androidx.window:window:1.0.0] AndroidManifest.xml:27:13-37
124        <uses-library
124-->[androidx.window:window:1.0.0] AndroidManifest.xml:28:9-30:40
125            android:name="androidx.window.sidecar"
125-->[androidx.window:window:1.0.0] AndroidManifest.xml:29:13-51
126            android:required="false" />
126-->[androidx.window:window:1.0.0] AndroidManifest.xml:30:13-37
127
128        <receiver
128-->[androidx.profileinstaller:profileinstaller:1.4.0] AndroidManifest.xml:34:9-52:20
129            android:name="androidx.profileinstaller.ProfileInstallReceiver"
129-->[androidx.profileinstaller:profileinstaller:1.4.0] AndroidManifest.xml:35:13-76
130            android:directBootAware="false"
130-->[androidx.profileinstaller:profileinstaller:1.4.0] AndroidManifest.xml:36:13-44
131            android:enabled="true"
131-->[androidx.profileinstaller:profileinstaller:1.4.0] AndroidManifest.xml:37:13-35
132            android:exported="true"
132-->[androidx.profileinstaller:profileinstaller:1.4.0] AndroidManifest.xml:38:13-36
133            android:permission="android.permission.DUMP" >
133-->[androidx.profileinstaller:profileinstaller:1.4.0] AndroidManifest.xml:39:13-57
134            <intent-filter>
134-->[androidx.profileinstaller:profileinstaller:1.4.0] AndroidManifest.xml:40:13-42:29
135                <action android:name="androidx.profileinstaller.action.INSTALL_PROFILE" />
135-->[androidx.profileinstaller:profileinstaller:1.4.0] AndroidManifest.xml:41:17-91
135-->[androidx.profileinstaller:profileinstaller:1.4.0] AndroidManifest.xml:41:25-88
136            </intent-filter>
137            <intent-filter>
137-->[androidx.profileinstaller:profileinstaller:1.4.0] AndroidManifest.xml:43:13-45:29
138                <action android:name="androidx.profileinstaller.action.SKIP_FILE" />
138-->[androidx.profileinstaller:profileinstaller:1.4.0] AndroidManifest.xml:44:17-85
138-->[androidx.profileinstaller:profileinstaller:1.4.0] AndroidManifest.xml:44:25-82
139            </intent-filter>
140            <intent-filter>
140-->[androidx.profileinstaller:profileinstaller:1.4.0] AndroidManifest.xml:46:13-48:29
141                <action android:name="androidx.profileinstaller.action.SAVE_PROFILE" />
141-->[androidx.profileinstaller:profileinstaller:1.4.0] AndroidManifest.xml:47:17-88
141-->[androidx.profileinstaller:profileinstaller:1.4.0] AndroidManifest.xml:47:25-85
142            </intent-filter>
143            <intent-filter>
143-->[androidx.profileinstaller:profileinstaller:1.4.0] AndroidManifest.xml:49:13-51:29
144                <action android:name="androidx.profileinstaller.action.BENCHMARK_OPERATION" />
144-->[androidx.profileinstaller:profileinstaller:1.4.0] AndroidManifest.xml:50:17-95
144-->[androidx.profileinstaller:profileinstaller:1.4.0] AndroidManifest.xml:50:25-92
145            </intent-filter>
146        </receiver>
147    </application>
148
149</manifest>